e:\eat\src\cpp\src\libcustomer\libcustomer\debug\vc140.pdb
e:\eat\src\cpp\src\libcustomer\libcustomer\debug\vc140.idb
e:\eat\src\cpp\src\libcustomer\libcustomer\debug\customer.obj
e:\eat\src\cpp\src\libcustomer\libcustomer\debug\main.obj
e:\eat\src\cpp\src\libcustomer\debug\libcustomer.lib
e:\eat\src\cpp\src\libcustomer\debug\libcustomer.exp
e:\eat\src\cpp\src\libcustomer\debug\libcustomer.ilk
e:\eat\src\cpp\src\libcustomer\debug\libcustomer.dll
e:\eat\src\cpp\src\libcustomer\debug\libcustomer.pdb
c:\eat\src\cpp\src\libcustomer\libcustomer\debug\customer.obj
c:\eat\src\cpp\src\libcustomer\libcustomer\debug\main.obj
c:\eat\src\cpp\src\libcustomer\libcustomer\debug\vc140.idb
c:\eat\src\cpp\src\libcustomer\libcustomer\debug\vc140.pdb
c:\eat\src\cpp\src\libcustomer\debug\libcustomer.dll
c:\eat\src\cpp\src\libcustomer\libcustomer\debug\libcustomer.tlog\cl.command.1.tlog
c:\eat\src\cpp\src\libcustomer\libcustomer\debug\libcustomer.tlog\cl.read.1.tlog
c:\eat\src\cpp\src\libcustomer\libcustomer\debug\libcustomer.tlog\cl.write.1.tlog
c:\eat\src\cpp\src\libcustomer\libcustomer\debug\libcustomer.tlog\libcustomer.write.1u.tlog
c:\eat\src\cpp\src\libcustomer\libcustomer\debug\libcustomer.tlog\link.command.1.tlog
c:\eat\src\cpp\src\libcustomer\libcustomer\debug\libcustomer.tlog\link.read.1.tlog
c:\eat\src\cpp\src\libcustomer\libcustomer\debug\libcustomer.tlog\link.write.1.tlog
